[debug] [2022-04-13T11:46:10.307Z] ----------------------------------------------------------------------
[debug] [2022-04-13T11:46:10.308Z] Command:       C:\Program Files\nodejs\node.exe C:\Users\User\AppData\Roaming\npm\node_modules\firebase-tools\lib\bin\firebase.js init
[debug] [2022-04-13T11:46:10.309Z] CLI Version:   10.6.0
[debug] [2022-04-13T11:46:10.309Z] Platform:      win32
[debug] [2022-04-13T11:46:10.309Z] Node Version:  v14.16.0
[debug] [2022-04-13T11:46:10.309Z] Time:          Wed Apr 13 2022 17:46:10 GMT+0600 (Bangladesh Standard Time)
[debug] [2022-04-13T11:46:10.309Z] ----------------------------------------------------------------------
[debug] 
[debug] [2022-04-13T11:46:10.315Z] > command requires scopes: ["email","openid","https://www.googleapis.com/auth/cloudplatformprojects.readonly","https://www.googleapis.com/auth/firebase","https://www.googleapis.com/auth/cloud-platform"]
[debug] [2022-04-13T11:46:10.316Z] > authorizing via signed-in user (dev.asaduzzaman@gmail.com)
[info] 
     ######## #### ########  ######## ########     ###     ######  ########
     ##        ##  ##     ## ##       ##     ##  ##   ##  ##       ##
     ######    ##  ########  ######   ########  #########  ######  ######
     ##        ##  ##    ##  ##       ##     ## ##     ##       ## ##
     ##       #### ##     ## ######## ########  ##     ##  ######  ########

You're about to initialize a Firebase project in this directory:

  F:\FullStackWebDevelopment\Programming Hero Course\projects\_react\_project\practice\service-website

[info] 
=== Project Setup
[info] 
[info] First, let's associate this project directory with a Firebase project.
[info] You can create multiple project aliases by running firebase use --add, 
[info] but for now we'll just set up a default project.
[info] 
[debug] [2022-04-13T11:46:19.169Z] > refreshing access token with scopes: []
[debug] [2022-04-13T11:46:19.170Z] >>> HTTP REQUEST POST https://www.googleapis.com/oauth2/v3/token  
 <request body omitted>
[debug] [2022-04-13T11:46:19.416Z] <<< HTTP RESPONSE 200 {"date":"Wed, 13 Apr 2022 11:46:20 GMT","expires":"Mon, 01 Jan 1990 00:00:00 GMT","pragma":"no-cache","cache-control":"no-cache, no-store, max-age=0, must-revalidate","content-type":"application/json; charset=utf-8","vary":"X-Origin, Referer, Origin,Accept-Encoding","server":"scaffolding on HTTPServer2","x-xss-protection":"0","x-frame-options":"SAMEORIGIN","x-content-type-options":"nosniff","alt-svc":"h3=\":443\"; ma=2592000,h3-29=\":443\"; ma=2592000,h3-Q050=\":443\"; ma=2592000,h3-Q046=\":443\"; ma=2592000,h3-Q043=\":443\"; ma=2592000,quic=\":443\"; ma=2592000; v=\"46,43\"","accept-ranges":"none","transfer-encoding":"chunked"}
[debug] [2022-04-13T11:46:19.423Z] >>> [apiv2][query] GET https://firebase.googleapis.com/v1beta1/projects pageSize=100
[debug] [2022-04-13T11:46:20.301Z] <<< [apiv2][status] GET https://firebase.googleapis.com/v1beta1/projects 200
[debug] [2022-04-13T11:46:20.301Z] <<< [apiv2][body] GET https://firebase.googleapis.com/v1beta1/projects [omitted]
[debug] [2022-04-13T11:46:41.311Z] Error: kill ENOSYS
    at process.kill (internal/process/per_thread.js:200:13)
    at process.listener (C:\Users\User\AppData\Roaming\npm\node_modules\firebase-tools\node_modules\signal-exit\index.js:95:15)
    at process.emit (events.js:315:20)
[error] 
[error] Error: An unexpected error has occurred.
